Release 14.2 - xst P.28xd (nt)
Copyright (c) 1995-2012 Xilinx, Inc.  All rights reserved.
--> Parameter TMPDIR set to xst/projnav.tmp


Total REAL time to Xst completion: 0.00 secs
Total CPU time to Xst completion: 0.10 secs
 
--> Parameter xsthdpdir set to xst


Total REAL time to Xst completion: 0.00 secs
Total CPU time to Xst completion: 0.11 secs
 
--> Reading design: clocksystem.prj

TABLE OF CONTENTS
  1) Synthesis Options Summary
  2) HDL Compilation
  3) Design Hierarchy Analysis
  4) HDL Analysis
  5) HDL Synthesis
     5.1) HDL Synthesis Report
  6) Advanced HDL Synthesis
     6.1) Advanced HDL Synthesis Report
  7) Low Level Synthesis
  8) Partition Report
  9) Final Report
	9.1) Device utilization summary
	9.2) Partition Resource Summary
	9.3) TIMING REPORT


=========================================================================
*                      Synthesis Options Summary                        *
=========================================================================
---- Source Parameters
Input File Name                    : "clocksystem.prj"
Input Format                       : mixed
Ignore Synthesis Constraint File   : NO

---- Target Parameters
Output File Name                   : "clocksystem"
Output Format                      : NGC
Target Device                      : xc3s100e-5-cp132

---- Source Options
Top Module Name                    : clocksystem
Automatic FSM Extraction           : YES
FSM Encoding Algorithm             : Auto
Safe Implementation                : No
FSM Style                          : LUT
RAM Extraction                     : Yes
RAM Style                          : Auto
ROM Extraction                     : Yes
Mux Style                          : Auto
Decoder Extraction                 : YES
Priority Encoder Extraction        : Yes
Shift Register Extraction          : YES
Logical Shifter Extraction         : YES
XOR Collapsing                     : YES
ROM Style                          : Auto
Mux Extraction                     : Yes
Resource Sharing                   : YES
Asynchronous To Synchronous        : NO
Multiplier Style                   : Auto
Automatic Register Balancing       : No

---- Target Options
Add IO Buffers                     : YES
Global Maximum Fanout              : 100000
Add Generic Clock Buffer(BUFG)     : 24
Register Duplication               : YES
Slice Packing                      : YES
Optimize Instantiated Primitives   : NO
Use Clock Enable                   : Yes
Use Synchronous Set                : Yes
Use Synchronous Reset              : Yes
Pack IO Registers into IOBs        : Auto
Equivalent register Removal        : YES

---- General Options
Optimization Goal                  : Speed
Optimization Effort                : 1
Keep Hierarchy                     : No
Netlist Hierarchy                  : As_Optimized
RTL Output                         : Yes
Global Optimization                : AllClockNets
Read Cores                         : YES
Write Timing Constraints           : NO
Cross Clock Analysis               : NO
Hierarchy Separator                : /
Bus Delimiter                      : <>
Case Specifier                     : Maintain
Slice Utilization Ratio            : 100
BRAM Utilization Ratio             : 100
Verilog 2001                       : YES
Auto BRAM Packing                  : NO
Slice Utilization Ratio Delta      : 5

=========================================================================


=========================================================================
*                          HDL Compilation                              *
=========================================================================
Compiling vhdl file "C:/temp/Lab2/Gencounter.vhd" in Library work.
Architecture behavioral of Entity gencounter is up to date.
Compiling vhdl file "C:/temp/Lab2/Clockdivider.vhd" in Library work.
Architecture behavioral of Entity clockdivider is up to date.
Compiling vhdl file "C:/temp/Lab2/min60sec60.vhd" in Library work.
Architecture behavioral of Entity min60sec60 is up to date.
Compiling vhdl file "C:/temp/Lab2/digitmux.vhd" in Library work.
Architecture behavioral of Entity digitmux is up to date.
Compiling vhdl file "C:/temp/Lab2/ISim_Simulation/BCDto7seg.vhd" in Library work.
Architecture behavioral of Entity bcdto7seg is up to date.
Compiling vhdl file "C:/temp/Lab2/digitscanner.vhd" in Library work.
Architecture behavioral of Entity digitscanner is up to date.
Compiling vhdl file "C:/temp/Lab2/digitclock60min.vhd" in Library work.
Architecture behavioral of Entity clocksystem is up to date.

=========================================================================
*                     Design Hierarchy Analysis                         *
=========================================================================
Analyzing hierarchy for entity <clocksystem> in library <work> (architecture <behavioral>).

Analyzing hierarchy for entity <clockdivider> in library <work> (architecture <behavioral>).

Analyzing hierarchy for entity <min60sec60> in library <work> (architecture <behavioral>).

Analyzing hierarchy for entity <digitmux> in library <work> (architecture <behavioral>).

Analyzing hierarchy for entity <BCDto7seg> in library <work> (architecture <behavioral>).

Analyzing hierarchy for entity <digitscanner> in library <work> (architecture <behavioral>).

Analyzing hierarchy for entity <gencounter> in library <work> (architecture <behavioral>) with generics.
	divby = 25
	nbits = 5

Analyzing hierarchy for entity <gencounter> in library <work> (architecture <behavioral>) with generics.
	divby = 10
	nbits = 4

Analyzing hierarchy for entity <gencounter> in library <work> (architecture <behavioral>) with generics.
	divby = 6
	nbits = 3


=========================================================================
*                            HDL Analysis                               *
=========================================================================
Analyzing Entity <clocksystem> in library <work> (Architecture <behavioral>).
WARNING:Xst:753 - "C:/temp/Lab2/digitclock60min.vhd" line 114: Unconnected output port 'carry' of component 'min60sec60'.
Entity <clocksystem> analyzed. Unit <clocksystem> generated.

Analyzing Entity <clockdivider> in library <work> (Architecture <behavioral>).
WARNING:Xst:753 - "C:/temp/Lab2/Clockdivider.vhd" line 47: Unconnected output port 'q' of component 'gencounter'.
WARNING:Xst:753 - "C:/temp/Lab2/Clockdivider.vhd" line 53: Unconnected output port 'q' of component 'gencounter'.
WARNING:Xst:753 - "C:/temp/Lab2/Clockdivider.vhd" line 53: Unconnected output port 'q' of component 'gencounter'.
WARNING:Xst:753 - "C:/temp/Lab2/Clockdivider.vhd" line 53: Unconnected output port 'q' of component 'gencounter'.
WARNING:Xst:753 - "C:/temp/Lab2/Clockdivider.vhd" line 53: Unconnected output port 'q' of component 'gencounter'.
WARNING:Xst:753 - "C:/temp/Lab2/Clockdivider.vhd" line 53: Unconnected output port 'q' of component 'gencounter'.
WARNING:Xst:753 - "C:/temp/Lab2/Clockdivider.vhd" line 53: Unconnected output port 'q' of component 'gencounter'.
Entity <clockdivider> analyzed. Unit <clockdivider> generated.

Analyzing generic Entity <gencounter.1> in library <work> (Architecture <behavioral>).
	divby = 25
	nbits = 5
Entity <gencounter.1> analyzed. Unit <gencounter.1> generated.

Analyzing generic Entity <gencounter.2> in library <work> (Architecture <behavioral>).
	divby = 10
	nbits = 4
Entity <gencounter.2> analyzed. Unit <gencounter.2> generated.

Analyzing Entity <min60sec60> in library <work> (Architecture <behavioral>).
Entity <min60sec60> analyzed. Unit <min60sec60> generated.

Analyzing generic Entity <gencounter.3> in library <work> (Architecture <behavioral>).
	divby = 6
	nbits = 3
Entity <gencounter.3> analyzed. Unit <gencounter.3> generated.

Analyzing Entity <digitmux> in library <work> (Architecture <behavioral>).
INFO:Xst:1561 - "C:/temp/Lab2/digitmux.vhd" line 35: Mux is complete : default of case is discarded
Entity <digitmux> analyzed. Unit <digitmux> generated.

Analyzing Entity <BCDto7seg> in library <work> (Architecture <behavioral>).
Entity <BCDto7seg> analyzed. Unit <BCDto7seg> generated.

Analyzing Entity <digitscanner> in library <work> (Architecture <behavioral>).
INFO:Xst:1561 - "C:/temp/Lab2/digitscanner.vhd" line 40: Mux is complete : default of case is discarded
Entity <digitscanner> analyzed. Unit <digitscanner> generated.


=========================================================================
*                           HDL Synthesis                               *
=========================================================================

Performing bidirectional port resolution...

Synthesizing Unit <digitmux>.
    Related source file is "C:/temp/Lab2/digitmux.vhd".
    Found 4-bit 4-to-1 multiplexer for signal <outdigit>.
    Summary:
	inferred   4 Multiplexer(s).
Unit <digitmux> synthesized.


Synthesizing Unit <BCDto7seg>.
    Related source file is "C:/temp/Lab2/ISim_Simulation/BCDto7seg.vhd".
    Found 16x7-bit ROM for signal <SevenSeg>.
    Summary:
	inferred   1 ROM(s).
Unit <BCDto7seg> synthesized.


Synthesizing Unit <digitscanner>.
    Related source file is "C:/temp/Lab2/digitscanner.vhd".
    Found 1-of-4 decoder for signal <anodeCtrl>.
    Found 2-bit up counter for signal <count2bit>.
    Summary:
	inferred   1 Counter(s).
	inferred   1 Decoder(s).
Unit <digitscanner> synthesized.


Synthesizing Unit <gencounter_1>.
    Related source file is "C:/temp/Lab2/Gencounter.vhd".
    Found 1-bit register for signal <carry>.
    Found 5-bit up counter for signal <q_int>.
    Summary:
	inferred   1 Counter(s).
	inferred   1 D-type flip-flop(s).
Unit <gencounter_1> synthesized.


Synthesizing Unit <gencounter_2>.
    Related source file is "C:/temp/Lab2/Gencounter.vhd".
    Found 1-bit register for signal <carry>.
    Found 4-bit up counter for signal <q_int>.
    Summary:
	inferred   1 Counter(s).
	inferred   1 D-type flip-flop(s).
Unit <gencounter_2> synthesized.


Synthesizing Unit <gencounter_3>.
    Related source file is "C:/temp/Lab2/Gencounter.vhd".
    Found 1-bit register for signal <carry>.
    Found 3-bit up counter for signal <q_int>.
    Summary:
	inferred   1 Counter(s).
	inferred   1 D-type flip-flop(s).
Unit <gencounter_3> synthesized.


Synthesizing Unit <clockdivider>.
    Related source file is "C:/temp/Lab2/Clockdivider.vhd".
Unit <clockdivider> synthesized.


Synthesizing Unit <min60sec60>.
    Related source file is "C:/temp/Lab2/min60sec60.vhd".
Unit <min60sec60> synthesized.


Synthesizing Unit <clocksystem>.
    Related source file is "C:/temp/Lab2/digitclock60min.vhd".
WARNING:Xst:646 - Signal <temp_100hz> is assigned but never used. This unconnected signal will be trimmed during the optimization process.
Unit <clocksystem> synthesized.


=========================================================================
HDL Synthesis Report

Macro Statistics
# ROMs                                                 : 1
 16x7-bit ROM                                          : 1
# Counters                                             : 12
 2-bit up counter                                      : 1
 3-bit up counter                                      : 2
 4-bit up counter                                      : 8
 5-bit up counter                                      : 1
# Registers                                            : 11
 1-bit register                                        : 11
# Multiplexers                                         : 1
 4-bit 4-to-1 multiplexer                              : 1
# Decoders                                             : 1
 1-of-4 decoder                                        : 1

=========================================================================

=========================================================================
*                       Advanced HDL Synthesis                          *
=========================================================================


=========================================================================
Advanced HDL Synthesis Report

Macro Statistics
# ROMs                                                 : 1
 16x7-bit ROM                                          : 1
# Counters                                             : 12
 2-bit up counter                                      : 1
 3-bit up counter                                      : 2
 4-bit up counter                                      : 8
 5-bit up counter                                      : 1
# Registers                                            : 11
 Flip-Flops                                            : 11
# Multiplexers                                         : 1
 4-bit 4-to-1 multiplexer                              : 1
# Decoders                                             : 1
 1-of-4 decoder                                        : 1

=========================================================================

=========================================================================
*                         Low Level Synthesis                           *
=========================================================================
WARNING:Xst:2677 - Node <minsec60/min1/carry> of sequential type is unconnected in block <clocksystem>.

Optimizing unit <clocksystem> ...

Mapping all equations...
Building and optimizing final netlist ...
Found area constraint ratio of 100 (+ 5) on block clocksystem, actual ratio is 5.

Final Macro Processing ...

=========================================================================
Final Register Report

Macro Statistics
# Registers                                            : 55
 Flip-Flops                                            : 55

=========================================================================

=========================================================================
*                           Partition Report                            *
=========================================================================

Partition Implementation Status
-------------------------------

  No Partitions were found in this design.

-------------------------------

=========================================================================
*                            Final Report                               *
=========================================================================
Final Results
RTL Top Level Output File Name     : clocksystem.ngr
Top Level Output File Name         : clocksystem
Output Format                      : NGC
Optimization Goal                  : Speed
Keep Hierarchy                     : No

Design Statistics
# IOs                              : 14

Cell Usage :
# BELS                             : 88
#      INV                         : 11
#      LUT2                        : 6
#      LUT2_D                      : 1
#      LUT2_L                      : 7
#      LUT3                        : 21
#      LUT4                        : 37
#      LUT4_L                      : 1
#      MUXF5                       : 4
# FlipFlops/Latches                : 55
#      FDC                         : 14
#      FDCE                        : 41
# Clock Buffers                    : 1
#      BUFGP                       : 1
# IO Buffers                       : 13
#      IBUF                        : 2
#      OBUF                        : 11
=========================================================================

Device utilization summary:
---------------------------

Selected Device : 3s100ecp132-5 

 Number of Slices:                       40  out of    960     4%  
 Number of Slice Flip Flops:             55  out of   1920     2%  
 Number of 4 input LUTs:                 84  out of   1920     4%  
 Number of IOs:                          14
 Number of bonded IOBs:                  14  out of     83    16%  
 Number of GCLKs:                         1  out of     24     4%  

---------------------------
Partition Resource Summary:
---------------------------

  No Partitions were found in this design.

---------------------------


=========================================================================
TIMING REPORT

NOTE: THESE TIMING NUMBERS ARE ONLY A SYNTHESIS ESTIMATE.
      FOR ACCURATE TIMING INFORMATION PLEASE REFER TO THE TRACE REPORT
      GENERATED AFTER PLACE-and-ROUTE.

Clock Information:
------------------
-----------------------------------+------------------------+-------+
Clock Signal                       | Clock buffer(FF name)  | Load  |
-----------------------------------+------------------------+-------+
clk                                | BUFGP                  | 55    |
-----------------------------------+------------------------+-------+

Asynchronous Control Signals Information:
----------------------------------------
-----------------------------------+------------------------+-------+
Control Signal                     | Buffer(FF name)        | Load  |
-----------------------------------+------------------------+-------+
reset                              | IBUF                   | 55    |
-----------------------------------+------------------------+-------+

Timing Summary:
---------------
Speed Grade: -5

   Minimum period: 3.017ns (Maximum Frequency: 331.461MHz)
   Minimum input arrival time before clock: 3.233ns
   Maximum output required time after clock: 7.283ns
   Maximum combinational path delay: No path found

Timing Detail:
--------------
All values displayed in nanoseconds (ns)

=========================================================================
Timing constraint: Default period analysis for Clock 'clk'
  Clock period: 3.017ns (frequency: 331.461MHz)
  Total number of paths / destination ports: 230 / 96
-------------------------------------------------------------------------
Delay:               3.017ns (Levels of Logic = 2)
  Source:            clkdiv/div25/q_int_3 (FF)
  Destination:       clkdiv/div25/q_int_0 (FF)
  Source Clock:      clk rising
  Destination Clock: clk rising

  Data Path: clkdiv/div25/q_int_3 to clkdiv/div25/q_int_0
                                Gate     Net
    Cell:in->out      fanout   Delay   Delay  Logical Name (Net Name)
    ----------------------------------------  ------------
     FDC:C->Q              4   0.514   0.651  clkdiv/div25/q_int_3 (clkdiv/div25/q_int_3)
     LUT2_D:I0->O          1   0.612   0.360  clkdiv/div25/q_int_cmp_eq0000_SW0 (N56)
     LUT4:I3->O            1   0.612   0.000  clkdiv/div25/Mcount_q_int_xor<0>1 (clkdiv/div25/Mcount_q_int)
     FDC:D                     0.268          clkdiv/div25/q_int_0
    ----------------------------------------
    Total                      3.017ns (2.006ns logic, 1.011ns route)
                                       (66.5% logic, 33.5% route)

=========================================================================
Timing constraint: Default OFFSET IN BEFORE for Clock 'clk'
  Total number of paths / destination ports: 5 / 5
-------------------------------------------------------------------------
Offset:              3.233ns (Levels of Logic = 3)
  Source:            freqsel (PAD)
  Destination:       minsec60/sec0/carry (FF)
  Destination Clock: clk rising

  Data Path: freqsel to minsec60/sec0/carry
                                Gate     Net
    Cell:in->out      fanout   Delay   Delay  Logical Name (Net Name)
    ----------------------------------------  ------------
     IBUF:I->O             2   1.106   0.532  freqsel_IBUF (freqsel_IBUF)
     LUT4_L:I0->LO         1   0.612   0.103  minsec60/sec0/carry_mux0002_SW0 (N40)
     LUT4:I3->O            1   0.612   0.000  minsec60/sec0/carry_mux0002 (minsec60/sec0/carry_mux0002)
     FDC:D                     0.268          minsec60/sec0/carry
    ----------------------------------------
    Total                      3.233ns (2.598ns logic, 0.635ns route)
                                       (80.4% logic, 19.6% route)

=========================================================================
Timing constraint: Default OFFSET OUT AFTER for Clock 'clk'
  Total number of paths / destination ports: 183 / 11
-------------------------------------------------------------------------
Offset:              7.283ns (Levels of Logic = 4)
  Source:            digitCtrl/count2bit_0 (FF)
  Destination:       LEDsegments<3> (PAD)
  Source Clock:      clk rising

  Data Path: digitCtrl/count2bit_0 to LEDsegments<3>
                                Gate     Net
    Cell:in->out      fanout   Delay   Delay  Logical Name (Net Name)
    ----------------------------------------  ------------
     FDCE:C->Q            13   0.514   0.988  digitCtrl/count2bit_0 (digitCtrl/count2bit_0)
     LUT3:I0->O            1   0.612   0.000  digsel/Mmux_outdigit_3 (digsel/Mmux_outdigit_3)
     MUXF5:I1->O           7   0.278   0.754  digsel/Mmux_outdigit_2_f5 (temp_bcdseg<0>)
     LUT4:I0->O            1   0.612   0.357  BCDdec/Mrom_SevenSeg11 (LEDsegments_0_OBUF)
     OBUF:I->O                 3.169          LEDsegments_0_OBUF (LEDsegments<0>)
    ----------------------------------------
    Total                      7.283ns (5.185ns logic, 2.098ns route)
                                       (71.2% logic, 28.8% route)

=========================================================================


Total REAL time to Xst completion: 3.00 secs
Total CPU time to Xst completion: 3.82 secs
 
--> 

Total memory usage is 202844 kilobytes

Number of errors   :    0 (   0 filtered)
Number of warnings :   10 (   0 filtered)
Number of infos    :    2 (   0 filtered)

