This is pdfTeX, Version 3.1415926-1.40.10 (TeX Live 2009/Debian) (format=pdflatex 2012.10.8)  7 NOV 2012 19:54
entering extended mode
 %&-line parsing enabled.
**Observations.tex
(./Observations.tex
LaTeX2e <2009/09/24>
Babel <v3.8l> and hyphenation patterns for english, usenglishmax, dumylang, noh
yphenation, loaded.
(/usr/share/texmf-texlive/tex/latex/base/article.cls
Document Class: article 2007/10/19 v1.4h Standard LaTeX document class
(/usr/share/texmf-texlive/tex/latex/base/size10.clo
File: size10.clo 2007/10/19 v1.4h Standard LaTeX file (size option)
)
\c@part=\count79
\c@section=\count80
\c@subsection=\count81
\c@subsubsection=\count82
\c@paragraph=\count83
\c@subparagraph=\count84
\c@figure=\count85
\c@table=\count86
\abovecaptionskip=\skip41
\belowcaptionskip=\skip42
\bibindent=\dimen102
)
(/usr/share/texmf-texlive/tex/latex/graphics/graphicx.sty
Package: graphicx 1999/02/16 v1.0f Enhanced LaTeX Graphics (DPC,SPQR)

(/usr/share/texmf-texlive/tex/latex/graphics/keyval.sty
Package: keyval 1999/03/16 v1.13 key=value parser (DPC)
\KV@toks@=\toks14
)
(/usr/share/texmf-texlive/tex/latex/graphics/graphics.sty
Package: graphics 2009/02/05 v1.0o Standard LaTeX Graphics (DPC,SPQR)

(/usr/share/texmf-texlive/tex/latex/graphics/trig.sty
Package: trig 1999/03/16 v1.09 sin cos tan (DPC)
)
(/etc/texmf/tex/latex/config/graphics.cfg
File: graphics.cfg 2009/08/28 v1.8 graphics configuration of TeX Live
)
Package graphics Info: Driver file: pdftex.def on input line 91.

(/usr/share/texmf-texlive/tex/latex/pdftex-def/pdftex.def
File: pdftex.def 2010/03/12 v0.04p Graphics/color for pdfTeX
\Gread@gobject=\count87
))
\Gin@req@height=\dimen103
\Gin@req@width=\dimen104
)
(./Observations.aux)
\openout1 = `Observations.aux'.

LaTeX Font Info:    Checking defaults for OML/cmm/m/it on input line 6.
LaTeX Font Info:    ... okay on input line 6.
LaTeX Font Info:    Checking defaults for T1/cmr/m/n on input line 6.
LaTeX Font Info:    ... okay on input line 6.
LaTeX Font Info:    Checking defaults for OT1/cmr/m/n on input line 6.
LaTeX Font Info:    ... okay on input line 6.
LaTeX Font Info:    Checking defaults for OMS/cmsy/m/n on input line 6.
LaTeX Font Info:    ... okay on input line 6.
LaTeX Font Info:    Checking defaults for OMX/cmex/m/n on input line 6.
LaTeX Font Info:    ... okay on input line 6.
LaTeX Font Info:    Checking defaults for U/cmr/m/n on input line 6.
LaTeX Font Info:    ... okay on input line 6.
 (/usr/share/texmf-texlive/tex/context/base/supp-pdf.mkii
[Loading MPS to PDF converter (version 2006.09.02).]
\scratchcounter=\count88
\scratchdimen=\dimen105
\scratchbox=\box26
\nofMPsegments=\count89
\nofMParguments=\count90
\everyMPshowfont=\toks15
\MPscratchCnt=\count91
\MPscratchDim=\dimen106
\MPnumerator=\count92
\everyMPtoPDFconversion=\toks16
)
LaTeX Font Info:    External font `cmex10' loaded for size
(Font)              <7> on input line 12.
LaTeX Font Info:    External font `cmex10' loaded for size
(Font)              <5> on input line 12.
 <MotorConstantGraph.png, id=1, 378.66469pt x 310.91156pt>
File: MotorConstantGraph.png Graphic file (type png)

<use MotorConstantGraph.png>
Underfull \hbox (badness 10000) in paragraph at lines 12--21

 []


Overfull \hbox (53.33858pt too wide) in paragraph at lines 12--21
[] 
 []


Underfull \hbox (badness 10000) in paragraph at lines 12--21

 []


Underfull \hbox (badness 10000) in paragraph at lines 12--21

 []


Underfull \hbox (badness 10000) in paragraph at lines 12--21

 []

[10

{/var/lib/texmf/fonts/map/pdftex/updmap/pdftex.map} <./MotorConstantGraph.png (
PNG copy)>]
Underfull \hbox (badness 10000) in paragraph at lines 25--28

 []


Underfull \hbox (badness 10000) in paragraph at lines 25--28

 []

<ComparitiveAnalysis.png, id=10, 565.312pt x 444.059pt>
File: ComparitiveAnalysis.png Graphic file (type png)

<use ComparitiveAnalysis.png>
Overfull \hbox (53.33858pt too wide) in paragraph at lines 29--36
[][]
 []


Underfull \hbox (badness 10000) in paragraph at lines 29--36

 []


Underfull \hbox (badness 10000) in paragraph at lines 29--36

 []


Underfull \hbox (badness 10000) in paragraph at lines 29--36

 []

<ChosenSimComparitive.png, id=11, 415.151pt x 449.68pt>
File: ChosenSimComparitive.png Graphic file (type png)

<use ChosenSimComparitive.png>
Overfull \hbox (53.33858pt too wide) in paragraph at lines 36--43
[] 
 []

[11 <./ComparitiveAnalysis.png (PNG copy)>] [12 <./ChosenSimComparitive.png (PN
G copy)>] (./Observations.aux) ) 
Here is how much of TeX's memory you used:
 901 strings out of 495061
 11467 string characters out of 1182621
 59483 words of memory out of 3000000
 4132 multiletter control sequences out of 15000+50000
 4245 words of font info for 16 fonts, out of 3000000 for 9000
 28 hyphenation exceptions out of 8191
 25i,4n,19p,305b,180s stack positions out of 5000i,500n,10000p,200000b,50000s
</usr/share/texmf-texlive/fonts/type1/public/am
sfonts/cm/cmbx12.pfb></usr/share/texmf-texlive/fonts/type1/public/amsfonts/cm/c
mmi10.pfb></usr/share/texmf-texlive/fonts/type1/public/amsfonts/cm/cmmi7.pfb></
usr/share/texmf-texlive/fonts/type1/public/amsfonts/cm/cmr10.pfb>
Output written on Observations.pdf (3 pages, 690262 bytes).
PDF statistics:
 31 PDF objects out of 1000 (max. 8388607)
 0 named destinations out of 1000 (max. 500000)
 16 words of extra memory for PDF output out of 10000 (max. 10000000)

