ISim log file
Running: H:\ENEL453\Lab1BrokenCirc\BrokenCircCode_isim_beh.exe -intstyle ise -gui -tclbatch isim.cmd -wdb H:/ENEL453/Lab1BrokenCirc/BrokenCircCode_isim_beh.wdb 
ISim P.28xd (signature 0x1048c146)
WARNING: A WEBPACK license was found.
WARNING: Please use Xilinx License Configuration Manager to check out a full ISim license.
WARNING: ISim will run in Lite mode. Please refer to the ISim documentation for more information on the differences between the Lite and the Full version.
This is a Lite version of ISim.
Time resolution is 1 ps
# onerror resume
# wave add /
# run 1000 ns
Simulator is doing circuit initialization process.
Finished circuit initialization process.
# isim force add /brokencirccode/a 0 -radix bin
# isim force add /brokencirccode/b 0 -radix bin
ISim P.28xd (signature 0x1048c146)
WARNING: A WEBPACK license was found.
WARNING: Please use Xilinx License Configuration Manager to check out a full ISim license.
WARNING: ISim will run in Lite mode. Please refer to the ISim documentation for more information on the differences between the Lite and the Full version.
This is a Lite version of ISim.
# run 1000 ns
Simulator is doing circuit initialization process.
Finished circuit initialization process.
# isim force add /brokencirccode/a 0 -radix bin
# isim force add /brokencirccode/a 0 -radix bin
# isim force add /brokencirccode/b 0 -radix bin
# isim force add /brokencirccode/b 0 -radix bin
# run 50 ns
# isim force add /brokencirccode/a 1 -radix bin
# isim force add /brokencirccode/a 1 -radix bin
# run 50 ns
